#
# A fatal error has been detected by the Java Runtime Environment:
#
#  SIGSEGV (0xb) at pc=0x0000000100bc18f3, pid=59803, tid=1811
#
# JRE version: Java(TM) SE Runtime Environment (8.0_65-b17) (build 1.8.0_65-b17)
# Java VM: Java HotSpot(TM) 64-Bit Server VM (25.65-b01 mixed mode bsd-amd64 compressed oops)
# Problematic frame:
# V  [libjvm.dylib+0x3218f3]
#
# Failed to write core dump. Core dumps have been disabled. To enable core dumping, try "ulimit -c unlimited" before starting Java again
#
# If you would like to submit a bug report, please visit:
#   http://bugreport.java.com/bugreport/crash.jsp
#

---------------  T H R E A D  ---------------

Current thread (0x00007fe313912000):  JavaThread "JavaFX Application Thread" [_thread_in_vm, id=1811, stack(0x00007fff5ec5f000,0x00007fff5f45f000)]

siginfo: si_signo: 11 (SIGSEGV), si_code: 1 (SEGV_MAPERR), si_addr: 0x0000000000000007

Registers:
RAX=0x0000003000000018, RBX=0x00007fff5f45ac60, RCX=0x0000000000000001, RDX=0x0000000000000007
RSP=0x00007fff5f45aa30, RBP=0x00007fff5f45ab90, RSI=0x00007fff5f45aca0, RDI=0x00007fe3139121f8
R8 =0x00007fe311f67ce0, R9 =0x00007fff5f45ac60, R10=0x00000001010c2280, R11=0x00007fff7e6ef320
R12=0x00007fe313912000, R13=0x00007fff5f45ac60, R14=0x00007fe311f67ce0, R15=0x0000000000000001
RIP=0x0000000100bc18f3, EFLAGS=0x0000000000010202, ERR=0x0000000000000004
  TRAPNO=0x000000000000000e

Top of Stack: (sp=0x00007fff5f45aa30)
0x00007fff5f45aa30:   00007fff5f45aa70 00007fe311f539c0
0x00007fff5f45aa40:   00007fe3139121f8 00007fff5f45aca0
0x00007fff5f45aa50:   00000001007bc000 00000007401954a8
0x00007fff5f45aa60:   000000000000006f 0000000100000050
0x00007fff5f45aa70:   0000000795daa530 00007fff00000004
0x00007fff5f45aa80:   0000000000000002 00007fff7ef898c8
0x00007fff5f45aa90:   0000000000425e00 0000000100000100
0x00007fff5f45aaa0:   00000001007bfa00 00007fff5f45aa58
0x00007fff5f45aab0:   00007fff5f45aa99 0000000800000005
0x00007fff5f45aac0:   00007fff7ef81300 00007fe311f53340
0x00007fff5f45aad0:   00007fe311f10cd0 00007fe311f10ce0
0x00007fff5f45aae0:   00007fe311f110b8 00000000000003d8
0x00007fff5f45aaf0:   00000001010c1a50 0000000116c7e460
0x00007fff5f45ab00:   00000000ffffffff 00000001007bc000
0x00007fff5f45ab10:   0000000000000000 00007fff7ef812e0
0x00007fff5f45ab20:   00000001169c9fd0 00007fe313912000
0x00007fff5f45ab30:   00000001169c9fd0 00007fe313912000
0x00007fff5f45ab40:   00000001169c9fd0 00007fe313912000
0x00007fff5f45ab50:   00000001169c9fd0 00000001169c9fd0
0x00007fff5f45ab60:   00000001169c9fd0 00007fe311f67ce0
0x00007fff5f45ab70:   00007fe313912000 00007fff5f45ac60
0x00007fff5f45ab80:   0000000000000007 00007fe3139121f8
0x00007fff5f45ab90:   00007fff5f45ad20 0000000100bb437f
0x00007fff5f45aba0:   00007fe313912000 00007fff7ef898e8
0x00007fff5f45abb0:   00007fff7ef898e0 0000000000000000
0x00007fff5f45abc0:   00007fff9ac19148 0000000000000071
0x00007fff5f45abd0:   0000000000000000 00007fe311f546c0
0x00007fff5f45abe0:   00007fff5f45ac30 00007fff9ac2792f
0x00007fff5f45abf0:   00007fe3146330f0 00007fff7e6ef320
0x00007fff5f45ac00:   000000005f45ac50 000000011ab98f10
0x00007fff5f45ac10:   00007fe3139121f8 00007fe3146330f0
0x00007fff5f45ac20:   0000000000000004 00007fff9ac110c0 

Instructions: (pc=0x0000000100bc18f3)
0x0000000100bc18d3:   4c 89 cb 4d 89 c6 41 89 cf 48 89 b5 b8 fe ff ff
0x0000000100bc18e3:   48 89 bd b0 fe ff ff 48 85 d2 4c 8b 65 10 74 08
0x0000000100bc18f3:   4c 8b 2a 4d 85 ed 75 2a 48 8d 1d 5e 1d 5d 00 48
0x0000000100bc1903:   8b 8b a8 03 00 00 48 8d 35 d2 17 2d 00 ba 26 05 

Register to memory mapping:

RAX=0x0000003000000018 is an unknown value
RBX=0x00007fff5f45ac60 is pointing into the stack for thread: 0x00007fe313912000
RCX=0x0000000000000001 is an unknown value
RDX=0x0000000000000007 is an unknown value
RSP=0x00007fff5f45aa30 is pointing into the stack for thread: 0x00007fe313912000
RBP=0x00007fff5f45ab90 is pointing into the stack for thread: 0x00007fe313912000
RSI=0x00007fff5f45aca0 is pointing into the stack for thread: 0x00007fe313912000
RDI=0x00007fe3139121f8 is an unknown value
R8 =0x00007fe311f67ce0 is an unknown value
R9 =0x00007fff5f45ac60 is pointing into the stack for thread: 0x00007fe313912000
R10=0x00000001010c2280: jni_NativeInterface+0 in /Library/Java/JavaVirtualMachines/jdk1.8.0_65.jdk/Contents/Home/jre/lib/server/libjvm.dylib at 0x00000001008a0000
R11=0x00007fff7e6ef320: OBJC_CLASS_$_NSEvent+0 in /System/Library/Frameworks/AppKit.framework/Versions/C/AppKit at 0x00007fff9575e000
R12=0x00007fe313912000 is a thread
R13=0x00007fff5f45ac60 is pointing into the stack for thread: 0x00007fe313912000
R14=0x00007fe311f67ce0 is an unknown value
R15=0x0000000000000001 is an unknown value


Stack: [0x00007fff5ec5f000,0x00007fff5f45f000],  sp=0x00007fff5f45aa30,  free space=8174k
Native frames: (J=compiled Java code, j=interpreted, Vv=VM code, C=native code)
V  [libjvm.dylib+0x3218f3]
V  [libjvm.dylib+0x31437f]
C  [libglass.dylib+0x20c6f]  -[GlassViewDelegate sendJavaKeyEvent:isDown:]+0x33f
C  [libglass.dylib+0x1ddac]  -[GlassView3D performKeyEquivalent:]+0x30c
C  [AppKit+0x252d47]  -[NSView _performKeyEquivalent:conditionally:]+0xbd
C  [AppKit+0x252e21]  -[NSView performKeyEquivalent:]+0xc5
C  [AppKit+0x252d47]  -[NSView _performKeyEquivalent:conditionally:]+0xbd
C  [AppKit+0x252e21]  -[NSView performKeyEquivalent:]+0xc5
C  [AppKit+0x252d47]  -[NSView _performKeyEquivalent:conditionally:]+0xbd
C  [AppKit+0x252c15]  -[NSWindow performKeyEquivalent:]+0x4e
C  [libglass.dylib+0x25780]  -[GlassWindow_Normal performKeyEquivalent:]+0x40
C  [AppKit+0x2529e0]  -[NSApplication _handleKeyEquivalent:]+0x209
C  [AppKit+0x15d93a]  -[NSApplication sendEvent:]+0xff0
C  [AppKit+0x86c68]  -[NSApplication run]+0x2c7
C  [libglass.dylib+0x65ec]  -[GlassApplication runLoop:]+0x72c
C  [Foundation+0x92d00]  __NSThreadPerformPerform+0x125
C  [CoreFoundation+0x80a01]  __CFRUNLOOP_IS_CALLING_OUT_TO_A_SOURCE0_PERFORM_FUNCTION__+0x11
C  [CoreFoundation+0x72b8d]  __CFRunLoopDoSources0+0x10d
C  [CoreFoundation+0x721bf]  __CFRunLoopRun+0x39f
C  [CoreFoundation+0x71bd8]  CFRunLoopRunSpecific+0x128
C  [java+0x6463]  CreateExecutionEnvironment+0x367
C  [java+0x21ac]  JLI_Launch+0x7a0
C  [java+0x84c0]  main+0x65
C  [java+0x1a04]  start+0x34
C  0x0000000000000008


---------------  P R O C E S S  ---------------

Java Threads: ( => current thread )
  0x00007fe3129b5800 JavaThread "Print Job Thread" [_thread_in_native, id=59143, stack(0x0000000123732000,0x0000000123832000)]
  0x00007fe3131b4800 JavaThread "Java2D Disposer" daemon [_thread_blocked, id=62979, stack(0x0000000122690000,0x0000000122790000)]
  0x00007fe313c38000 JavaThread "Java2D Queue Flusher" daemon [_thread_blocked, id=61959, stack(0x0000000122a78000,0x0000000122b78000)]
  0x00007fe3129b7000 JavaThread "process reaper" daemon [_thread_blocked, id=58631, stack(0x000000011fc81000,0x000000011fca9000)]
  0x00007fe312204000 JavaThread "Keep-Alive-Timer" daemon [_thread_blocked, id=58375, stack(0x0000000121a80000,0x0000000121b80000)]
  0x00007fe31291c000 JavaThread "Thread-8" daemon [_thread_blocked, id=50967, stack(0x0000000120077000,0x0000000120177000)]
  0x00007fe31295d000 JavaThread "Timer-0" daemon [_thread_blocked, id=52231, stack(0x0000000120c2f000,0x0000000120d2f000)]
  0x00007fe313913000 JavaThread "Prism Font Disposer" daemon [_thread_blocked, id=49955, stack(0x000000011f62e000,0x000000011f72e000)]
  0x00007fe313138000 JavaThread "Thread-4" daemon [_thread_blocked, id=36355, stack(0x000000011d3dd000,0x000000011d45d000)]
=>0x00007fe313912000 JavaThread "JavaFX Application Thread" [_thread_in_vm, id=1811, stack(0x00007fff5ec5f000,0x00007fff5f45f000)]
  0x00007fe313104800 JavaThread "Thread-2" daemon [_thread_blocked, id=25107, stack(0x000000011abb3000,0x000000011acb3000)]
  0x00007fe3138ea000 JavaThread "QuantumRenderer-0" daemon [_thread_blocked, id=19971, stack(0x000000011a51c000,0x000000011a61c000)]
  0x00007fe3130d2800 JavaThread "JavaFX-Launcher" [_thread_blocked, id=19459, stack(0x000000011a419000,0x000000011a519000)]
  0x00007fe312012800 JavaThread "Monitor Ctrl-Break" daemon [_thread_in_native, id=18947, stack(0x000000011a221000,0x000000011a321000)]
  0x00007fe31200c000 JavaThread "Service Thread" daemon [_thread_blocked, id=17923, stack(0x0000000119ebe000,0x0000000119fbe000)]
  0x00007fe313857800 JavaThread "C1 CompilerThread2" daemon [_thread_blocked, id=17411, stack(0x0000000119dbb000,0x0000000119ebb000)]
  0x00007fe313857000 JavaThread "C2 CompilerThread1" daemon [_thread_blocked, id=16899, stack(0x0000000119cb8000,0x0000000119db8000)]
  0x00007fe313019800 JavaThread "C2 CompilerThread0" daemon [_thread_blocked, id=16387, stack(0x0000000119bb5000,0x0000000119cb5000)]
  0x00007fe313861000 JavaThread "Signal Dispatcher" daemon [_thread_blocked, id=12563, stack(0x0000000119ab2000,0x0000000119bb2000)]
  0x00007fe31281f000 JavaThread "Finalizer" daemon [_thread_blocked, id=11523, stack(0x0000000118125000,0x0000000118225000)]
  0x00007fe31281e000 JavaThread "Reference Handler" daemon [_thread_blocked, id=11011, stack(0x0000000118022000,0x0000000118122000)]
  0x00007fe313001800 JavaThread "main" [_thread_blocked, id=4867, stack(0x0000000101841000,0x0000000101941000)]

Other Threads:
  0x00007fe313008000 VMThread [stack: 0x0000000117f1f000,0x000000011801f000] [id=10499]
  0x00007fe313808000 WatcherThread [stack: 0x0000000119fc1000,0x000000011a0c1000] [id=18435]

VM state:synchronizing (normal execution)

VM Mutex/Monitor currently owned by a thread:  ([mutex/lock_event])
[0x00007fe311c03690] Threads_lock - owner thread: 0x00007fe313008000

Heap:
 PSYoungGen      total 38400K, used 17786K [0x0000000795580000, 0x0000000798c80000, 0x00000007c0000000)
  eden space 33280K, 38% used [0x0000000795580000,0x00000007961e1618,0x0000000797600000)
  from space 5120K, 99% used [0x0000000797600000,0x0000000797afd5a0,0x0000000797b00000)
  to   space 5120K, 0% used [0x0000000798780000,0x0000000798780000,0x0000000798c80000)
 ParOldGen       total 60928K, used 10868K [0x0000000740000000, 0x0000000743b80000, 0x0000000795580000)
  object space 60928K, 17% used [0x0000000740000000,0x0000000740a9d2e8,0x0000000743b80000)
 Metaspace       used 27296K, capacity 28808K, committed 29056K, reserved 1075200K
  class space    used 3846K, capacity 4149K, committed 4224K, reserved 1048576K

Card table byte_map: [0x00000001115c0000,0x00000001119c1000] byte_map_base: 0x000000010dbc0000

Marking Bits: (ParMarkBitMap*) 0x000000010117ee20
 Begin Bits: [0x0000000112078000, 0x0000000114078000)
 End Bits:   [0x0000000114078000, 0x0000000116078000)

Polling page: 0x0000000101986000

CodeCache: size=245760Kb used=8805Kb max_used=9061Kb free=236954Kb
 bounds [0x0000000102200000, 0x0000000102ae0000, 0x0000000111200000]
 total_blobs=3641 nmethods=2809 adapters=744
 compilation: enabled

Compilation events (10 events):
Event: 14.069 Thread 0x00007fe313857800 3093       1       sun.java2d.SurfaceData::isValid (5 bytes)
Event: 14.069 Thread 0x00007fe313857800 nmethod 3093 0x00000001023ce510 code [0x00000001023ce660, 0x00000001023ce770]
Event: 14.163 Thread 0x00007fe313857800 3094       3       java.nio.DirectByteBuffer::address (5 bytes)
Event: 14.164 Thread 0x00007fe313857800 nmethod 3094 0x00000001023ce210 code [0x00000001023ce360, 0x00000001023ce4b0]
Event: 14.182 Thread 0x00007fe313857800 3095       3       java.awt.Rectangle::<init> (9 bytes)
Event: 14.182 Thread 0x00007fe313857800 nmethod 3095 0x00000001023cdc10 code [0x00000001023cdd80, 0x00000001023ce070]
Event: 14.249 Thread 0x00007fe313857800 3096       3       java.nio.Buffer::clear (20 bytes)
Event: 14.249 Thread 0x00007fe313857800 nmethod 3096 0x00000001023cd8d0 code [0x00000001023cda20, 0x00000001023cdb90]
Event: 14.335 Thread 0x00007fe313857800 3097       3       java.awt.geom.Point2D::<init> (5 bytes)
Event: 14.338 Thread 0x00007fe313857800 nmethod 3097 0x00000001023cd510 code [0x00000001023cd680, 0x00000001023cd830]

GC Heap History (8 events):
Event: 3.047 GC heap before
{Heap before GC invocations=1 (full 0):
 PSYoungGen      total 38400K, used 33280K [0x0000000795580000, 0x0000000798000000, 0x00000007c0000000)
  eden space 33280K, 100% used [0x0000000795580000,0x0000000797600000,0x0000000797600000)
  from space 5120K, 0% used [0x0000000797b00000,0x0000000797b00000,0x0000000798000000)
  to   space 5120K, 0% used [0x0000000797600000,0x0000000797600000,0x0000000797b00000)
 ParOldGen       total 87552K, used 0K [0x0000000740000000, 0x0000000745580000, 0x0000000795580000)
  object space 87552K, 0% used [0x0000000740000000,0x0000000740000000,0x0000000745580000)
 Metaspace       used 16983K, capacity 17608K, committed 17792K, reserved 1064960K
  class space    used 2414K, capacity 2567K, committed 2688K, reserved 1048576K
Event: 3.058 GC heap after
Heap after GC invocations=1 (full 0):
 PSYoungGen      total 38400K, used 5010K [0x0000000795580000, 0x0000000798000000, 0x00000007c0000000)
  eden space 33280K, 0% used [0x0000000795580000,0x0000000795580000,0x0000000797600000)
  from space 5120K, 97% used [0x0000000797600000,0x0000000797ae4ad0,0x0000000797b00000)
  to   space 5120K, 0% used [0x0000000797b00000,0x0000000797b00000,0x0000000798000000)
 ParOldGen       total 87552K, used 80K [0x0000000740000000, 0x0000000745580000, 0x0000000795580000)
  object space 87552K, 0% used [0x0000000740000000,0x0000000740014010,0x0000000745580000)
 Metaspace       used 16983K, capacity 17608K, committed 17792K, reserved 1064960K
  class space    used 2414K, capacity 2567K, committed 2688K, reserved 1048576K
}
Event: 3.790 GC heap before
{Heap before GC invocations=2 (full 0):
 PSYoungGen      total 38400K, used 21520K [0x0000000795580000, 0x0000000798000000, 0x00000007c0000000)
  eden space 33280K, 49% used [0x0000000795580000,0x000000079659f598,0x0000000797600000)
  from space 5120K, 97% used [0x0000000797600000,0x0000000797ae4ad0,0x0000000797b00000)
  to   space 5120K, 0% used [0x0000000797b00000,0x0000000797b00000,0x0000000798000000)
 ParOldGen       total 87552K, used 80K [0x0000000740000000, 0x0000000745580000, 0x0000000795580000)
  object space 87552K, 0% used [0x0000000740000000,0x0000000740014010,0x0000000745580000)
 Metaspace       used 19956K, capacity 21100K, committed 21248K, reserved 1067008K
  class space    used 2952K, capacity 3207K, committed 3328K, reserved 1048576K
Event: 3.805 GC heap after
Heap after GC invocations=2 (full 0):
 PSYoungGen      total 38400K, used 5088K [0x0000000795580000, 0x000000079a080000, 0x00000007c0000000)
  eden space 33280K, 0% used [0x0000000795580000,0x0000000795580000,0x0000000797600000)
  from space 5120K, 99% used [0x0000000797b00000,0x0000000797ff8050,0x0000000798000000)
  to   space 5120K, 0% used [0x0000000797600000,0x0000000797600000,0x0000000797b00000)
 ParOldGen       total 87552K, used 1628K [0x0000000740000000, 0x0000000745580000, 0x0000000795580000)
  object space 87552K, 1% used [0x0000000740000000,0x0000000740197340,0x0000000745580000)
 Metaspace       used 19956K, capacity 21100K, committed 21248K, reserved 1067008K
  class space    used 2952K, capacity 3207K, committed 3328K, reserved 1048576K
}
Event: 3.805 GC heap before
{Heap before GC invocations=3 (full 1):
 PSYoungGen      total 38400K, used 5088K [0x0000000795580000, 0x000000079a080000, 0x00000007c0000000)
  eden space 33280K, 0% used [0x0000000795580000,0x0000000795580000,0x0000000797600000)
  from space 5120K, 99% used [0x0000000797b00000,0x0000000797ff8050,0x0000000798000000)
  to   space 5120K, 0% used [0x0000000797600000,0x0000000797600000,0x0000000797b00000)
 ParOldGen       total 87552K, used 1628K [0x0000000740000000, 0x0000000745580000, 0x0000000795580000)
  object space 87552K, 1% used [0x0000000740000000,0x0000000740197340,0x0000000745580000)
 Metaspace       used 19956K, capacity 21100K, committed 21248K, reserved 1067008K
  class space    used 2952K, capacity 3207K, committed 3328K, reserved 1048576K
Event: 3.859 GC heap after
Heap after GC invocations=3 (full 1):
 PSYoungGen      total 38400K, used 0K [0x0000000795580000, 0x000000079a080000, 0x00000007c0000000)
  eden space 33280K, 0% used [0x0000000795580000,0x0000000795580000,0x0000000797600000)
  from space 5120K, 0% used [0x0000000797b00000,0x0000000797b00000,0x0000000798000000)
  to   space 5120K, 0% used [0x0000000797600000,0x0000000797600000,0x0000000797b00000)
 ParOldGen       total 60928K, used 6636K [0x0000000740000000, 0x0000000743b80000, 0x0000000795580000)
  object space 60928K, 10% used [0x0000000740000000,0x000000074067b2c8,0x0000000743b80000)
 Metaspace       used 19956K, capacity 21100K, committed 21248K, reserved 1067008K
  class space    used 2952K, capacity 3207K, committed 3328K, reserved 1048576K
}
Event: 10.730 GC heap before
{Heap before GC invocations=4 (full 1):
 PSYoungGen      total 38400K, used 31326K [0x0000000795580000, 0x000000079a080000, 0x00000007c0000000)
  eden space 33280K, 94% used [0x0000000795580000,0x00000007974179e0,0x0000000797600000)
  from space 5120K, 0% used [0x0000000797b00000,0x0000000797b00000,0x0000000798000000)
  to   space 5120K, 0% used [0x0000000797600000,0x0000000797600000,0x0000000797b00000)
 ParOldGen       total 60928K, used 6636K [0x0000000740000000, 0x0000000743b80000, 0x0000000795580000)
  object space 60928K, 10% used [0x0000000740000000,0x000000074067b2c8,0x0000000743b80000)
 Metaspace       used 26439K, capacity 27880K, committed 28160K, reserved 1073152K
  class space    used 3760K, capacity 4053K, committed 4096K, reserved 1048576K
Event: 10.754 GC heap after
Heap after GC invocations=4 (full 1):
 PSYoungGen      total 38400K, used 5109K [0x0000000795580000, 0x0000000798c80000, 0x00000007c0000000)
  eden space 33280K, 0% used [0x0000000795580000,0x0000000795580000,0x0000000797600000)
  from space 5120K, 99% used [0x0000000797600000,0x0000000797afd5a0,0x0000000797b00000)
  to   space 5120K, 0% used [0x0000000798780000,0x0000000798780000,0x0000000798c80000)
 ParOldGen       total 60928K, used 10868K [0x0000000740000000, 0x0000000743b80000, 0x0000000795580000)
  object space 60928K, 17% used [0x0000000740000000,0x0000000740a9d2e8,0x0000000743b80000)
 Metaspace       used 26439K, capacity 27880K, committed 28160K, reserved 1073152K
  class space    used 3760K, capacity 4053K, committed 4096K, reserved 1048576K
}

Deoptimization events (10 events):
Event: 4.918 Thread 0x00007fe313912000 Uncommon trap: reason=bimorphic action=maybe_recompile pc=0x000000010288324c method=javafx.scene.Node.impl_geomChanged()V @ 33
Event: 4.918 Thread 0x00007fe313912000 Uncommon trap: reason=unstable_if action=reinterpret pc=0x00000001028a1184 method=javafx.scene.Parent.setChildDirty(Ljavafx/scene/Node;Z)V @ 22
Event: 4.918 Thread 0x00007fe313912000 Uncommon trap: reason=bimorphic action=maybe_recompile pc=0x000000010288324c method=javafx.scene.Node.impl_geomChanged()V @ 33
Event: 6.466 Thread 0x00007fe313912000 Uncommon trap: reason=unstable_if action=reinterpret pc=0x00000001027b629c method=javafx.scene.CssStyleHelper.lookup(Ljavafx/css/Styleable;Ljavafx/css/CssMetaData;Lcom/sun/javafx/css/StyleMap;Ljava/util/Set;Ljavafx/css/Styleable;Lcom/sun/javafx/css/Calcul
Event: 6.491 Thread 0x00007fe313912000 Uncommon trap: reason=class_check action=maybe_recompile pc=0x0000000102556e48 method=java.util.HashMap.putVal(ILjava/lang/Object;Ljava/lang/Object;ZZ)Ljava/lang/Object; @ 253
Event: 6.597 Thread 0x00007fe313912000 Uncommon trap: reason=unstable_if action=reinterpret pc=0x00000001029dbfa0 method=java.lang.CharacterDataLatin1.isWhitespace(I)Z @ 14
Event: 6.605 Thread 0x00007fe31291c000 Uncommon trap: reason=unstable_if action=reinterpret pc=0x00000001026f0570 method=java.lang.String.regionMatches(ZILjava/lang/String;II)Z @ 123
Event: 6.832 Thread 0x00007fe313912000 Uncommon trap: reason=unstable_if action=reinterpret pc=0x00000001024c8bb4 method=java.lang.AbstractStringBuilder.append(Ljava/lang/String;)Ljava/lang/AbstractStringBuilder; @ 1
Event: 10.727 Thread 0x00007fe3129b5800 Uncommon trap: reason=unstable_if action=reinterpret pc=0x000000010299c79c method=java.util.WeakHashMap.maskNull(Ljava/lang/Object;)Ljava/lang/Object; @ 1
Event: 13.295 Thread 0x00007fe3129b5800 Uncommon trap: reason=unstable_if action=reinterpret pc=0x0000000102321054 method=java.lang.ref.SoftReference.get()Ljava/lang/Object; @ 6

Internal exceptions (10 events):
Event: 2.966 Thread 0x00007fe313912000 Exception <a 'java/lang/ArrayIndexOutOfBoundsException'> (0x000000079746c0c8) thrown at [/Users/java_re/workspace/8-2-build-macosx-x86_64/jdk8u65/4987/hotspot/src/share/vm/runtime/sharedRuntime.cpp, line 605]
Event: 2.968 Thread 0x00007fe313912000 Exception <a 'java/lang/ArrayIndexOutOfBoundsException'> (0x00000007974730a0) thrown at [/Users/java_re/workspace/8-2-build-macosx-x86_64/jdk8u65/4987/hotspot/src/share/vm/runtime/sharedRuntime.cpp, line 605]
Event: 2.968 Thread 0x00007fe313912000 Exception <a 'java/lang/ArrayIndexOutOfBoundsException'> (0x0000000797474090) thrown at [/Users/java_re/workspace/8-2-build-macosx-x86_64/jdk8u65/4987/hotspot/src/share/vm/runtime/sharedRuntime.cpp, line 605]
Event: 2.972 Thread 0x00007fe313912000 Exception <a 'java/lang/ArrayIndexOutOfBoundsException': 88> (0x0000000797497a38) thrown at [/Users/java_re/workspace/8-2-build-macosx-x86_64/jdk8u65/4987/hotspot/src/share/vm/interpreter/interpreterRuntime.cpp, line 366]
Event: 2.972 Thread 0x00007fe313912000 Exception <a 'java/lang/ArrayIndexOutOfBoundsException': 76> (0x0000000797498f70) thrown at [/Users/java_re/workspace/8-2-build-macosx-x86_64/jdk8u65/4987/hotspot/src/share/vm/interpreter/interpreterRuntime.cpp, line 366]
Event: 6.474 Thread 0x00007fe313912000 Exception <a 'java/lang/ClassNotFoundException': com/sun/org/glassfish/hk2/osgiresourcelocator/ServiceLoader> (0x00000007963f47a8) thrown at [/Users/java_re/workspace/8-2-build-macosx-x86_64/jdk8u65/4987/hotspot/src/share/vm/classfile/systemDictionary.cpp
Event: 6.588 Thread 0x00007fe313912000 Exception <a 'java/io/FileNotFoundException'> (0x0000000796ba70b0) thrown at [/Users/java_re/workspace/8-2-build-macosx-x86_64/jdk8u65/4987/hotspot/src/share/vm/prims/jni.cpp, line 709]
Event: 6.588 Thread 0x00007fe313912000 Exception <a 'java/io/FileNotFoundException'> (0x0000000796ba7fc0) thrown at [/Users/java_re/workspace/8-2-build-macosx-x86_64/jdk8u65/4987/hotspot/src/share/vm/prims/jni.cpp, line 709]
Event: 6.832 Thread 0x00007fe313912000 Implicit null exception at 0x00000001024c8835 to 0x00000001024c8ba1
Event: 10.727 Thread 0x00007fe3129b5800 Implicit null exception at 0x000000010299c5b5 to 0x000000010299c78d

Events (10 events):
Event: 14.245 loading class java/awt/geom/Arc2D
Event: 14.245 loading class java/awt/geom/Arc2D done
Event: 14.245 loading class com/sun/javafx/geom/RoundRectIterator
Event: 14.245 loading class com/sun/javafx/geom/RoundRectIterator done
Event: 14.246 loading class java/awt/geom/Path2D$Float$CopyIterator
Event: 14.246 loading class java/awt/geom/Path2D$Iterator
Event: 14.246 loading class java/awt/geom/Path2D$Iterator done
Event: 14.246 loading class java/awt/geom/Path2D$Float$CopyIterator done
Event: 14.354 loading class com/sun/prism/j2d/print/J2DPrinterJob$ClearSceneRunnable
Event: 14.354 loading class com/sun/prism/j2d/print/J2DPrinterJob$ClearSceneRunnable done


Dynamic libraries:
0x000000000cc1c000 	/System/Library/Frameworks/Cocoa.framework/Versions/A/Cocoa
0x000000000cc1c000 	/System/Library/Frameworks/Security.framework/Versions/A/Security
0x000000000cc1c000 	/System/Library/Frameworks/ApplicationServices.framework/Versions/A/ApplicationServices
0x000000000cc1c000 	/usr/lib/libz.1.dylib
0x000000000cc1c000 	/usr/lib/libSystem.B.dylib
0x000000000cc1c000 	/usr/lib/libobjc.A.dylib
0x000000000cc1c000 	/System/Library/Frameworks/CoreFoundation.framework/Versions/A/CoreFoundation
0x000000000cc1c000 	/System/Library/Frameworks/Foundation.framework/Versions/C/Foundation
0x000000000cc1c000 	/System/Library/Frameworks/AppKit.framework/Versions/C/AppKit
0x000000000cc1c000 	/System/Library/Frameworks/CoreData.framework/Versions/A/CoreData
0x000000000cc1c000 	/System/Library/PrivateFrameworks/RemoteViewServices.framework/Versions/A/RemoteViewServices
0x000000000cc1c000 	/System/Library/PrivateFrameworks/UIFoundation.framework/Versions/A/UIFoundation
0x000000000cc1c000 	/System/Library/Frameworks/IOSurface.framework/Versions/A/IOSurface
0x000000000cc1c000 	/System/Library/Frameworks/AudioToolbox.framework/Versions/A/AudioToolbox
0x000000000cc1c000 	/System/Library/Frameworks/AudioUnit.framework/Versions/A/AudioUnit
0x000000000cc1c000 	/System/Library/PrivateFrameworks/DataDetectorsCore.framework/Versions/A/DataDetectorsCore
0x000000000cc1c000 	/System/Library/PrivateFrameworks/DesktopServicesPriv.framework/Versions/A/DesktopServicesPriv
0x000000000cc1c000 	/System/Library/Frameworks/Carbon.framework/Versions/A/Frameworks/HIToolbox.framework/Versions/A/HIToolbox
0x000000000cc1c000 	/System/Library/Frameworks/QuartzCore.framework/Versions/A/QuartzCore
0x000000000cc1c000 	/System/Library/Frameworks/Carbon.framework/Versions/A/Frameworks/SpeechRecognition.framework/Versions/A/SpeechRecognition
0x000000000cc1c000 	/usr/lib/libauto.dylib
0x000000000cc1c000 	/usr/lib/libicucore.A.dylib
0x000000000cc1c000 	/usr/lib/libxml2.2.dylib
0x000000000cc1c000 	/System/Library/PrivateFrameworks/CoreUI.framework/Versions/A/CoreUI
0x000000000cc1c000 	/System/Library/Frameworks/CoreAudio.framework/Versions/A/CoreAudio
0x000000000cc1c000 	/System/Library/Frameworks/DiskArbitration.framework/Versions/A/DiskArbitration
0x000000000cc1c000 	/usr/lib/liblangid.dylib
0x000000000cc1c000 	/System/Library/PrivateFrameworks/MultitouchSupport.framework/Versions/A/MultitouchSupport
0x000000000cc1c000 	/System/Library/Frameworks/IOKit.framework/Versions/A/IOKit
0x000000000cc1c000 	/usr/lib/libDiagnosticMessagesClient.dylib
0x000000000cc1c000 	/System/Library/Frameworks/CoreServices.framework/Versions/A/CoreServices
0x000000000cc1c000 	/System/Library/PrivateFrameworks/PerformanceAnalysis.framework/Versions/A/PerformanceAnalysis
0x000000000cc1c000 	/System/Library/PrivateFrameworks/GenerationalStorage.framework/Versions/A/GenerationalStorage
0x000000000cc1c000 	/System/Library/Frameworks/OpenGL.framework/Versions/A/OpenGL
0x000000000cc1c000 	/System/Library/PrivateFrameworks/Sharing.framework/Versions/A/Sharing
0x000000000cc1c000 	/System/Library/Frameworks/CoreGraphics.framework/Versions/A/CoreGraphics
0x000000000cc1c000 	/System/Library/Frameworks/CoreText.framework/Versions/A/CoreText
0x000000000cc1c000 	/System/Library/Frameworks/ImageIO.framework/Versions/A/ImageIO
0x000000000cc1c000 	/usr/lib/libextension.dylib
0x000000000cc1c000 	/System/Library/PrivateFrameworks/Backup.framework/Versions/A/Backup
0x000000000cc1c000 	/usr/lib/libarchive.2.dylib
0x000000000cc1c000 	/System/Library/Frameworks/CFNetwork.framework/Versions/A/CFNetwork
0x000000000cc1c000 	/System/Library/Frameworks/SystemConfiguration.framework/Versions/A/SystemConfiguration
0x000000000cc1c000 	/usr/lib/libCRFSuite.dylib
0x000000000cc1c000 	/usr/lib/libc++.1.dylib
0x000000000cc1c000 	/usr/lib/libc++abi.dylib
0x000000000cc1c000 	/usr/lib/system/libcache.dylib
0x000000000cc1c000 	/usr/lib/system/libcommonCrypto.dylib
0x000000000cc1c000 	/usr/lib/system/libcompiler_rt.dylib
0x000000000cc1c000 	/usr/lib/system/libcopyfile.dylib
0x000000000cc1c000 	/usr/lib/system/libcorecrypto.dylib
0x000000000cc1c000 	/usr/lib/system/libdispatch.dylib
0x000000000cc1c000 	/usr/lib/system/libdyld.dylib
0x000000000cc1c000 	/usr/lib/system/libkeymgr.dylib
0x000000000cc1c000 	/usr/lib/system/liblaunch.dylib
0x000000000cc1c000 	/usr/lib/system/libmacho.dylib
0x000000000cc1c000 	/usr/lib/system/libquarantine.dylib
0x000000000cc1c000 	/usr/lib/system/libremovefile.dylib
0x000000000cc1c000 	/usr/lib/system/libsystem_asl.dylib
0x000000000cc1c000 	/usr/lib/system/libsystem_blocks.dylib
0x000000000cc1c000 	/usr/lib/system/libsystem_c.dylib
0x000000000cc1c000 	/usr/lib/system/libsystem_configuration.dylib
0x000000000cc1c000 	/usr/lib/system/libsystem_coreservices.dylib
0x000000000cc1c000 	/usr/lib/system/libsystem_coretls.dylib
0x000000000cc1c000 	/usr/lib/system/libsystem_dnssd.dylib
0x000000000cc1c000 	/usr/lib/system/libsystem_info.dylib
0x000000000cc1c000 	/usr/lib/system/libsystem_kernel.dylib
0x000000000cc1c000 	/usr/lib/system/libsystem_m.dylib
0x000000000cc1c000 	/usr/lib/system/libsystem_malloc.dylib
0x000000000cc1c000 	/usr/lib/system/libsystem_network.dylib
0x000000000cc1c000 	/usr/lib/system/libsystem_networkextension.dylib
0x000000000cc1c000 	/usr/lib/system/libsystem_notify.dylib
0x000000000cc1c000 	/usr/lib/system/libsystem_platform.dylib
0x000000000cc1c000 	/usr/lib/system/libsystem_pthread.dylib
0x000000000cc1c000 	/usr/lib/system/libsystem_sandbox.dylib
0x000000000cc1c000 	/usr/lib/system/libsystem_secinit.dylib
0x000000000cc1c000 	/usr/lib/system/libsystem_stats.dylib
0x000000000cc1c000 	/usr/lib/system/libsystem_trace.dylib
0x000000000cc1c000 	/usr/lib/system/libunc.dylib
0x000000000cc1c000 	/usr/lib/system/libunwind.dylib
0x000000000cc1c000 	/usr/lib/system/libxpc.dylib
0x000000000cc1c000 	/usr/lib/libbz2.1.0.dylib
0x000000000cc1c000 	/usr/lib/liblzma.5.dylib
0x000000000cc1c000 	/usr/lib/libbsm.0.dylib
0x000000000cc1c000 	/usr/lib/libsqlite3.dylib
0x000000000cc1c000 	/usr/lib/system/libkxld.dylib
0x000000000cc1c000 	/usr/lib/libxar.1.dylib
0x000000000cc1c000 	/usr/lib/libpam.2.dylib
0x000000000cc1c000 	/usr/lib/libOpenScriptingUtil.dylib
0x000000000cc1c000 	/System/Library/Frameworks/CoreServices.framework/Versions/A/Frameworks/FSEvents.framework/Versions/A/FSEvents
0x000000000cc1c000 	/System/Library/Frameworks/CoreServices.framework/Versions/A/Frameworks/CarbonCore.framework/Versions/A/CarbonCore
0x000000000cc1c000 	/System/Library/Frameworks/CoreServices.framework/Versions/A/Frameworks/Metadata.framework/Versions/A/Metadata
0x000000000cc1c000 	/System/Library/Frameworks/CoreServices.framework/Versions/A/Frameworks/OSServices.framework/Versions/A/OSServices
0x000000000cc1c000 	/System/Library/Frameworks/CoreServices.framework/Versions/A/Frameworks/SearchKit.framework/Versions/A/SearchKit
0x000000000cc1c000 	/System/Library/Frameworks/CoreServices.framework/Versions/A/Frameworks/AE.framework/Versions/A/AE
0x000000000cc1c000 	/System/Library/Frameworks/CoreServices.framework/Versions/A/Frameworks/LaunchServices.framework/Versions/A/LaunchServices
0x000000000cc1c000 	/System/Library/Frameworks/CoreServices.framework/Versions/A/Frameworks/DictionaryServices.framework/Versions/A/DictionaryServices
0x000000000cc1c000 	/System/Library/Frameworks/NetFS.framework/Versions/A/NetFS
0x000000000cc1c000 	/System/Library/PrivateFrameworks/NetAuth.framework/Versions/A/NetAuth
0x000000000cc1c000 	/System/Library/PrivateFrameworks/login.framework/Versions/A/Frameworks/loginsupport.framework/Versions/A/loginsupport
0x000000000cc1c000 	/System/Library/PrivateFrameworks/TCC.framework/Versions/A/TCC
0x000000000cc1c000 	/usr/lib/libmecabra.dylib
0x000000000cc1c000 	/System/Library/Frameworks/ApplicationServices.framework/Versions/A/Frameworks/ATS.framework/Versions/A/ATS
0x000000000cc1c000 	/System/Library/Frameworks/ApplicationServices.framework/Versions/A/Frameworks/ColorSync.framework/Versions/A/ColorSync
0x000000000cc1c000 	/System/Library/Frameworks/ApplicationServices.framework/Versions/A/Frameworks/HIServices.framework/Versions/A/HIServices
0x000000000cc1c000 	/System/Library/Frameworks/ApplicationServices.framework/Versions/A/Frameworks/LangAnalysis.framework/Versions/A/LangAnalysis
0x000000000cc1c000 	/System/Library/Frameworks/ApplicationServices.framework/Versions/A/Frameworks/PrintCore.framework/Versions/A/PrintCore
0x000000000cc1c000 	/System/Library/Frameworks/ApplicationServices.framework/Versions/A/Frameworks/QD.framework/Versions/A/QD
0x000000000cc1c000 	/System/Library/Frameworks/ApplicationServices.framework/Versions/A/Frameworks/SpeechSynthesis.framework/Versions/A/SpeechSynthesis
0x000000000cc1c000 	/System/Library/Frameworks/Accelerate.framework/Versions/A/Accelerate
0x000000000cc1c000 	/System/Library/Frameworks/Accelerate.framework/Versions/A/Frameworks/vImage.framework/Versions/A/vImage
0x000000000cc1c000 	/System/Library/Frameworks/Accelerate.framework/Versions/A/Frameworks/vecLib.framework/Versions/A/vecLib
0x000000000cc1c000 	/System/Library/Frameworks/Accelerate.framework/Versions/A/Frameworks/vecLib.framework/Versions/A/libvDSP.dylib
0x000000000cc1c000 	/System/Library/Frameworks/Accelerate.framework/Versions/A/Frameworks/vecLib.framework/Versions/A/libvMisc.dylib
0x000000000cc1c000 	/System/Library/Frameworks/Accelerate.framework/Versions/A/Frameworks/vecLib.framework/Versions/A/libLAPACK.dylib
0x000000000cc1c000 	/System/Library/Frameworks/Accelerate.framework/Versions/A/Frameworks/vecLib.framework/Versions/A/libBLAS.dylib
0x000000000cc1c000 	/System/Library/Frameworks/Accelerate.framework/Versions/A/Frameworks/vecLib.framework/Versions/A/libLinearAlgebra.dylib
0x000000000cc1c000 	/System/Library/Frameworks/ApplicationServices.framework/Versions/A/Frameworks/ATS.framework/Versions/A/Resources/libFontParser.dylib
0x000000000cc1c000 	/System/Library/Frameworks/ApplicationServices.framework/Versions/A/Frameworks/ATS.framework/Versions/A/Resources/libFontRegistry.dylib
0x000000000cc1c000 	/System/Library/PrivateFrameworks/AppleVPA.framework/Versions/A/AppleVPA
0x000000000cc1c000 	/System/Library/PrivateFrameworks/AppleJPEG.framework/Versions/A/AppleJPEG
0x000000000cc1c000 	/System/Library/Frameworks/ImageIO.framework/Versions/A/Resources/libJPEG.dylib
0x000000000cc1c000 	/System/Library/Frameworks/ImageIO.framework/Versions/A/Resources/libTIFF.dylib
0x000000000cc1c000 	/System/Library/Frameworks/ImageIO.framework/Versions/A/Resources/libPng.dylib
0x000000000cc1c000 	/System/Library/Frameworks/ImageIO.framework/Versions/A/Resources/libGIF.dylib
0x000000000cc1c000 	/System/Library/Frameworks/ImageIO.framework/Versions/A/Resources/libJP2.dylib
0x000000000cc1c000 	/System/Library/Frameworks/ImageIO.framework/Versions/A/Resources/libRadiance.dylib
0x000000000cc1c000 	/System/Library/Frameworks/CoreVideo.framework/Versions/A/CoreVideo
0x000000000cc1c000 	/System/Library/Frameworks/OpenGL.framework/Versions/A/Libraries/libGLU.dylib
0x000000000cc1c000 	/System/Library/Frameworks/OpenGL.framework/Versions/A/Libraries/libGFXShared.dylib
0x000000000cc1c000 	/System/Library/Frameworks/OpenGL.framework/Versions/A/Libraries/libGL.dylib
0x000000000cc1c000 	/System/Library/Frameworks/OpenGL.framework/Versions/A/Libraries/libGLImage.dylib
0x000000000cc1c000 	/System/Library/Frameworks/OpenGL.framework/Versions/A/Libraries/libCVMSPluginSupport.dylib
0x000000000cc1c000 	/System/Library/Frameworks/OpenGL.framework/Versions/A/Libraries/libCoreVMClient.dylib
0x000000000cc1c000 	/usr/lib/libcups.2.dylib
0x000000000cc1c000 	/System/Library/Frameworks/Kerberos.framework/Versions/A/Kerberos
0x000000000cc1c000 	/System/Library/Frameworks/GSS.framework/Versions/A/GSS
0x000000000cc1c000 	/usr/lib/libresolv.9.dylib
0x000000000cc1c000 	/usr/lib/libiconv.2.dylib
0x000000000cc1c000 	/System/Library/PrivateFrameworks/Heimdal.framework/Versions/A/Heimdal
0x000000000cc1c000 	/usr/lib/libheimdal-asn1.dylib
0x000000000cc1c000 	/System/Library/Frameworks/OpenDirectory.framework/Versions/A/OpenDirectory
0x000000000cc1c000 	/System/Library/PrivateFrameworks/CommonAuth.framework/Versions/A/CommonAuth
0x000000000cc1c000 	/System/Library/Frameworks/OpenDirectory.framework/Versions/A/Frameworks/CFOpenDirectory.framework/Versions/A/CFOpenDirectory
0x000000000cc1c000 	/System/Library/Frameworks/SecurityFoundation.framework/Versions/A/SecurityFoundation
0x000000000cc1c000 	/System/Library/PrivateFrameworks/LanguageModeling.framework/Versions/A/LanguageModeling
0x000000000cc1c000 	/usr/lib/libcmph.dylib
0x000000000cc1c000 	/System/Library/Frameworks/ServiceManagement.framework/Versions/A/ServiceManagement
0x000000000cc1c000 	/usr/lib/libxslt.1.dylib
0x000000000cc1c000 	/System/Library/Frameworks/Carbon.framework/Versions/A/Frameworks/Ink.framework/Versions/A/Ink
0x000000000cc1c000 	/System/Library/Frameworks/QuartzCore.framework/Versions/A/Frameworks/CoreImage.framework/Versions/A/CoreImage
0x000000000cc1c000 	/System/Library/PrivateFrameworks/CrashReporterSupport.framework/Versions/A/CrashReporterSupport
0x000000000cc1c000 	/System/Library/Frameworks/OpenCL.framework/Versions/A/OpenCL
0x000000000cc1c000 	/System/Library/PrivateFrameworks/FaceCore.framework/Versions/A/FaceCore
0x000000000cc1c000 	/System/Library/PrivateFrameworks/Ubiquity.framework/Versions/A/Ubiquity
0x000000000cc1c000 	/System/Library/PrivateFrameworks/IconServices.framework/Versions/A/IconServices
0x000000000cc1c000 	/System/Library/PrivateFrameworks/ChunkingLibrary.framework/Versions/A/ChunkingLibrary
0x000000000cc1c000 	/System/Library/PrivateFrameworks/Apple80211.framework/Versions/A/Apple80211
0x000000000cc1c000 	/System/Library/Frameworks/CoreWLAN.framework/Versions/A/CoreWLAN
0x000000000cc1c000 	/System/Library/Frameworks/IOBluetooth.framework/Versions/A/IOBluetooth
0x000000000cc1c000 	/System/Library/PrivateFrameworks/CoreWiFi.framework/Versions/A/CoreWiFi
0x000000000cc1c000 	/System/Library/Frameworks/CoreBluetooth.framework/Versions/A/CoreBluetooth
0x000000000cc1c000 	/System/Library/PrivateFrameworks/DebugSymbols.framework/Versions/A/DebugSymbols
0x000000000cc1c000 	/System/Library/PrivateFrameworks/CoreSymbolication.framework/Versions/A/CoreSymbolication
0x000000000cc1c000 	/System/Library/PrivateFrameworks/Symbolication.framework/Versions/A/Symbolication
0x000000000cc1c000 	/System/Library/PrivateFrameworks/SpeechRecognitionCore.framework/Versions/A/SpeechRecognitionCore
0x00000001008a0000 	/Library/Java/JavaVirtualMachines/jdk1.8.0_65.jdk/Contents/Home/jre/lib/server/libjvm.dylib
0x000000000cc1c000 	/usr/lib/libstdc++.6.dylib
0x0000000101943000 	/Library/Java/JavaVirtualMachines/jdk1.8.0_65.jdk/Contents/Home/jre/lib/libverify.dylib
0x0000000101951000 	/Library/Java/JavaVirtualMachines/jdk1.8.0_65.jdk/Contents/Home/jre/lib/libjava.dylib
0x0000000101990000 	/Library/Java/JavaVirtualMachines/jdk1.8.0_65.jdk/Contents/Home/jre/lib/libzip.dylib
0x0000000118227000 	/System/Library/Frameworks/JavaVM.framework/Frameworks/JavaRuntimeSupport.framework/JavaRuntimeSupport
0x00000001019ea000 	/System/Library/Frameworks/JavaVM.framework/Versions/A/Frameworks/JavaNativeFoundation.framework/Versions/A/JavaNativeFoundation
0x000000011823f000 	/System/Library/Frameworks/JavaVM.framework/Versions/A/JavaVM
0x000000000cc1c000 	/System/Library/Frameworks/Carbon.framework/Versions/A/Carbon
0x000000011824c000 	/System/Library/PrivateFrameworks/JavaLaunching.framework/Versions/A/JavaLaunching
0x000000000cc1c000 	/System/Library/Frameworks/Carbon.framework/Versions/A/Frameworks/CommonPanels.framework/Versions/A/CommonPanels
0x000000000cc1c000 	/System/Library/Frameworks/Carbon.framework/Versions/A/Frameworks/Help.framework/Versions/A/Help
0x000000000cc1c000 	/System/Library/Frameworks/Carbon.framework/Versions/A/Frameworks/ImageCapture.framework/Versions/A/ImageCapture
0x000000000cc1c000 	/System/Library/Frameworks/Carbon.framework/Versions/A/Frameworks/OpenScripting.framework/Versions/A/OpenScripting
0x000000000cc1c000 	/System/Library/Frameworks/Carbon.framework/Versions/A/Frameworks/Print.framework/Versions/A/Print
0x000000000cc1c000 	/System/Library/Frameworks/Carbon.framework/Versions/A/Frameworks/SecurityHI.framework/Versions/A/SecurityHI
0x000000011a21d000 	/Applications/IntelliJ IDEA 15 CE.app/Contents/bin/libbreakgen64.jnilib
0x000000011a323000 	/Library/Java/JavaVirtualMachines/jdk1.8.0_65.jdk/Contents/Home/jre/lib/libnet.dylib
0x000000011a61e000 	/Library/Java/JavaVirtualMachines/jdk1.8.0_65.jdk/Contents/Home/jre/lib/libprism_es2.dylib
0x000000000cc1c000 	/System/Library/Frameworks/OpenGL.framework/Versions/A/Resources/GLEngine.bundle/GLEngine
0x000000000cc1c000 	/System/Library/Frameworks/OpenGL.framework/Versions/A/Libraries/libGLProgrammability.dylib
0x0000000000000000 	/System/Library/Extensions/AppleIntelHD5000GraphicsGLDriver.bundle/Contents/MacOS/AppleIntelHD5000GraphicsGLDriver
0x000000000cc1c000 	/System/Library/PrivateFrameworks/IOAccelerator.framework/Versions/A/IOAccelerator
0x000000000cc1c000 	/System/Library/PrivateFrameworks/GPUSupport.framework/Versions/A/Libraries/libGPUSupportMercury.dylib
0x000000000cc1c000 	/System/Library/Frameworks/OpenGL.framework/Versions/A/Resources/GLRendererFloat.bundle/GLRendererFloat
0x000000000cc1c000 	/System/Library/Frameworks/OpenCL.framework/Versions/A/Libraries/libcldcpuengine.dylib
0x000000000cc1c000 	/System/Library/PrivateFrameworks/DiskImages.framework/Versions/A/DiskImages
0x000000000cc1c000 	/System/Library/Frameworks/DiscRecording.framework/Versions/A/DiscRecording
0x000000000cc1c000 	/usr/lib/libcsfde.dylib
0x000000000cc1c000 	/usr/lib/libcurl.4.dylib
0x000000000cc1c000 	/System/Library/PrivateFrameworks/MediaKit.framework/Versions/A/MediaKit
0x000000000cc1c000 	/System/Library/PrivateFrameworks/ProtectedCloudStorage.framework/Versions/A/ProtectedCloudStorage
0x000000000cc1c000 	/usr/lib/libCoreStorage.dylib
0x000000000cc1c000 	/System/Library/PrivateFrameworks/EFILogin.framework/Versions/A/EFILogin
0x000000000cc1c000 	/usr/lib/libutil.dylib
0x000000000cc1c000 	/System/Library/PrivateFrameworks/FindMyDevice.framework/Versions/A/FindMyDevice
0x000000000cc1c000 	/System/Library/Frameworks/LDAP.framework/Versions/A/LDAP
0x000000000cc1c000 	/usr/lib/libsasl2.2.dylib
0x000000000cc1c000 	/System/Library/PrivateFrameworks/CoreDaemon.framework/Versions/B/CoreDaemon
0x000000000cc1c000 	/usr/lib/libcrypto.0.9.8.dylib
0x000000000cc1c000 	/System/Library/PrivateFrameworks/AppleSRP.framework/Versions/A/AppleSRP
0x000000000cc1c000 	/System/Library/PrivateFrameworks/TrustEvaluationAgent.framework/Versions/A/TrustEvaluationAgent
0x000000011ab53000 	/Library/Java/JavaVirtualMachines/jdk1.8.0_65.jdk/Contents/Home/jre/lib/libglass.dylib
0x000000000cc1c000 	/System/Library/PrivateFrameworks/CoreServicesInternal.framework/Versions/A/CoreServicesInternal
0x000000000cc1c000 	/System/Library/PrivateFrameworks/CloudDocs.framework/Versions/A/CloudDocs
0x000000000cc1c000 	/System/Library/PrivateFrameworks/CoreDuet.framework/Versions/A/CoreDuet
0x000000000cc1c000 	/System/Library/Frameworks/CloudKit.framework/Versions/A/CloudKit
0x000000000cc1c000 	/System/Library/PrivateFrameworks/ProtocolBuffer.framework/Versions/A/ProtocolBuffer
0x000000000cc1c000 	/System/Library/PrivateFrameworks/CoreDuetDaemonProtocol.framework/Versions/A/CoreDuetDaemonProtocol
0x000000000cc1c000 	/System/Library/PrivateFrameworks/CoreDuetDebugLogging.framework/Versions/A/CoreDuetDebugLogging
0x000000000cc1c000 	/System/Library/PrivateFrameworks/MMCS.framework/Versions/A/MMCS
0x000000000cc1c000 	/System/Library/Frameworks/CoreLocation.framework/Versions/A/CoreLocation
0x000000000cc1c000 	/System/Library/PrivateFrameworks/GeoServices.framework/Versions/A/GeoServices
0x000000000cc1c000 	/System/Library/Frameworks/CoreGraphics.framework/Versions/A/Resources/libCGCMS.A.dylib
0x000000000cc1c000 	/System/Library/CoreServices/RawCamera.bundle/Contents/MacOS/RawCamera
0x000000000cc1c000 	/System/Library/Frameworks/CoreGraphics.framework/Versions/A/Resources/libRIP.A.dylib
0x000000000cc1c000 	/System/Library/PrivateFrameworks/FamilyControls.framework/Versions/A/FamilyControls
0x000000000cc1c000 	/System/Library/PrivateFrameworks/CommerceKit.framework/Versions/A/Frameworks/CommerceCore.framework/Versions/A/CommerceCore
0x000000000cc1c000 	/System/Library/PrivateFrameworks/SystemAdministration.framework/Versions/A/SystemAdministration
0x000000000cc1c000 	/System/Library/PrivateFrameworks/AppContainer.framework/Versions/A/AppContainer
0x000000000cc1c000 	/System/Library/PrivateFrameworks/SecCodeWrapper.framework/Versions/A/SecCodeWrapper
0x000000000cc1c000 	/System/Library/Frameworks/DirectoryService.framework/Versions/A/DirectoryService
0x000000000cc1c000 	/System/Library/PrivateFrameworks/LoginUIKit.framework/Versions/A/Frameworks/LoginUICore.framework/Versions/A/LoginUICore
0x000000000cc1c000 	/usr/lib/libodfde.dylib
0x000000011e85e000 	/Library/Java/JavaVirtualMachines/jdk1.8.0_65.jdk/Contents/Home/jre/lib/libjavafx_font.dylib
0x000000000cc1c000 	/System/Library/Frameworks/CoreGraphics.framework/Versions/A/Resources/libCGXType.A.dylib
0x0000000120bd2000 	/Library/Java/JavaVirtualMachines/jdk1.8.0_65.jdk/Contents/Home/jre/lib/libosx.dylib
0x0000000120c12000 	/Library/Java/JavaVirtualMachines/jdk1.8.0_65.jdk/Contents/Home/jre/lib/./libosxapp.dylib
0x000000000cc1c000 	/System/Library/Frameworks/ExceptionHandling.framework/Versions/A/ExceptionHandling
0x000000011c41b000 	/Library/Java/JavaVirtualMachines/jdk1.8.0_65.jdk/Contents/Home/jre/lib/libprism_common.dylib
0x000000011e49e000 	cl_kernels
0x0000000122c09000 	/System/Library/Frameworks/OpenCL.framework/Versions/A/Libraries/ImageFormats/unorm8_bgra.dylib
0x000000011e4a3000 	cl_kernels
0x000000011fe4d000 	/Library/Java/JavaVirtualMachines/jdk1.8.0_65.jdk/Contents/Home/jre/lib/libawt.dylib
0x000000011fef5000 	/Library/Java/JavaVirtualMachines/jdk1.8.0_65.jdk/Contents/Home/jre/lib/./libmlib_image.dylib
0x000000011ffc1000 	/Library/Java/JavaVirtualMachines/jdk1.8.0_65.jdk/Contents/Home/jre/lib/libawt_lwawt.dylib
0x000000011f05b000 	/Library/Java/JavaVirtualMachines/jdk1.8.0_65.jdk/Contents/Home/jre/lib/libnio.dylib
0x0000000120179000 	/Library/Java/JavaVirtualMachines/jdk1.8.0_65.jdk/Contents/Home/jre/lib/libfontmanager.dylib
0x000000000cc1c000 	/System/Library/PrivateFrameworks/PrintingPrivate.framework/Versions/A/PrintingPrivate
0x000000000cc1c000 	/System/Library/Frameworks/ImageCaptureCore.framework/Versions/A/ImageCaptureCore
0x000000000cc1c000 	/System/Library/Frameworks/SecurityInterface.framework/Versions/A/SecurityInterface
0x0000000124e4d000 	/System/Library/PrivateFrameworks/PrintingPrivate.framework/Versions/Current/Plugins/PrintCocoaUI.bundle/Contents/MacOS/PrintCocoaUI
0x000000000cc1c000 	/System/Library/Frameworks/ScriptingBridge.framework/Versions/A/ScriptingBridge
0x000000000cc1c000 	/usr/lib/libffi.dylib
0x0000000124e9f000 	/Library/Printers/Xerox/PDEs/XeroxFeatures.plugin/Contents/MacOS/XeroxFeatures
0x000000000cc1c000 	/System/Library/Frameworks/AddressBook.framework/Versions/A/AddressBook
0x000000000cc1c000 	/System/Library/PrivateFrameworks/IntlPreferences.framework/Versions/A/IntlPreferences
0x000000000cc1c000 	/System/Library/PrivateFrameworks/ToneLibrary.framework/Versions/A/ToneLibrary
0x000000000cc1c000 	/System/Library/PrivateFrameworks/ToneKit.framework/Versions/A/ToneKit
0x000000000cc1c000 	/System/Library/PrivateFrameworks/vCard.framework/Versions/A/vCard
0x000000000cc1c000 	/System/Library/Frameworks/Quartz.framework/Versions/A/Frameworks/QuickLookUI.framework/Versions/A/QuickLookUI
0x000000000cc1c000 	/System/Library/PrivateFrameworks/ApplePushService.framework/Versions/A/ApplePushService
0x000000000cc1c000 	/System/Library/PrivateFrameworks/ContactsData.framework/Versions/A/ContactsData
0x000000000cc1c000 	/System/Library/PrivateFrameworks/ContactsFoundation.framework/Versions/A/ContactsFoundation
0x000000000cc1c000 	/System/Library/PrivateFrameworks/PhoneNumbers.framework/Versions/A/PhoneNumbers
0x000000000cc1c000 	/System/Library/Frameworks/Quartz.framework/Versions/A/Quartz
0x000000000cc1c000 	/System/Library/Frameworks/AVFoundation.framework/Versions/A/AVFoundation
0x000000000cc1c000 	/System/Library/Frameworks/AVFoundation.framework/Versions/A/Resources/libAVFAudio.dylib
0x000000000cc1c000 	/System/Library/Frameworks/CoreMedia.framework/Versions/A/CoreMedia
0x000000000cc1c000 	/System/Library/Frameworks/MediaToolbox.framework/Versions/A/MediaToolbox
0x000000000cc1c000 	/System/Library/Frameworks/VideoToolbox.framework/Versions/A/VideoToolbox
0x000000000cc1c000 	/System/Library/Frameworks/CoreMediaIO.framework/Versions/A/CoreMediaIO
0x000000000cc1c000 	/System/Library/PrivateFrameworks/MediaControlSender.framework/Versions/A/MediaControlSender
0x000000000cc1c000 	/System/Library/PrivateFrameworks/CoreAVCHD.framework/Versions/A/CoreAVCHD
0x000000000cc1c000 	/System/Library/Frameworks/MediaAccessibility.framework/Versions/A/MediaAccessibility
0x000000000cc1c000 	/System/Library/PrivateFrameworks/Mangrove.framework/Versions/A/Mangrove
0x000000000cc1c000 	/System/Library/PrivateFrameworks/CoreAUC.framework/Versions/A/CoreAUC
0x000000000cc1c000 	/System/Library/PrivateFrameworks/NetworkStatistics.framework/Versions/A/NetworkStatistics
0x000000000cc1c000 	/System/Library/PrivateFrameworks/AirPlaySupport.framework/Versions/A/AirPlaySupport
0x000000000cc1c000 	/System/Library/PrivateFrameworks/CoreUtils.framework/Versions/A/CoreUtils
0x000000000cc1c000 	/System/Library/PrivateFrameworks/AppleVA.framework/Versions/A/AppleVA
0x000000000cc1c000 	/System/Library/PrivateFrameworks/XPCService.framework/Versions/A/XPCService
0x000000000cc1c000 	/System/Library/PrivateFrameworks/AppSandbox.framework/Versions/A/AppSandbox
0x000000000cc1c000 	/usr/lib/libsandbox.1.dylib
0x000000000cc1c000 	/usr/lib/libMatch.1.dylib
0x000000000cc1c000 	/System/Library/PrivateFrameworks/SafariServices.framework/Versions/A/SafariServices
0x000000000cc1c000 	/usr/lib/libspindump.dylib
0x000000000cc1c000 	/System/Library/Frameworks/QTKit.framework/Versions/A/QTKit
0x000000000cc1c000 	/System/Library/Frameworks/QuickLook.framework/Versions/A/QuickLook
0x000000000cc1c000 	/System/Library/PrivateFrameworks/CoreMediaAuthoring.framework/Versions/A/CoreMediaAuthoring
0x000000000cc1c000 	/System/Library/Frameworks/Quartz.framework/Versions/A/Frameworks/QuartzComposer.framework/Versions/A/QuartzComposer
0x000000000cc1c000 	/System/Library/Frameworks/Quartz.framework/Versions/A/Frameworks/PDFKit.framework/Versions/A/PDFKit
0x000000000cc1c000 	/System/Library/Frameworks/Quartz.framework/Versions/A/Frameworks/QuartzFilters.framework/Versions/A/QuartzFilters
0x000000000cc1c000 	/System/Library/Frameworks/Quartz.framework/Versions/A/Frameworks/ImageKit.framework/Versions/A/ImageKit
0x000000000cc1c000 	/System/Library/Frameworks/JavaScriptCore.framework/Versions/A/JavaScriptCore
0x000000000cc1c000 	/System/Library/PrivateFrameworks/AppleSystemInfo.framework/Versions/A/AppleSystemInfo
0x000000000cc1c000 	/System/Library/PrivateFrameworks/CorePDF.framework/Versions/A/CorePDF
0x000000000cc1c000 	/System/Library/PrivateFrameworks/DisplayServices.framework/Versions/A/DisplayServices
0x00000001250c5000 	/System/Library/PrivateFrameworks/PrintingPrivate.framework/Versions/A/Plugins/PrintingCocoaPDEs.bundle/Contents/MacOS/PrintingCocoaPDEs
0x000000000cc1c000 	/System/Library/Frameworks/CoreGraphics.framework/Versions/A/Resources/libCGXCoreImage.A.dylib
0x000000012128e000 	cl_kernels
0x00000001254a9000 	/System/Library/Frameworks/OpenCL.framework/Versions/A/Libraries/ImageFormats/unorm8_rgba.dylib
0x0000000121292000 	cl_kernels
0x0000000121a76000 	cl_kernels
0x000000000cc1c000 	/System/Library/Frameworks/Accelerate.framework/Versions/A/Frameworks/vImage.framework/Versions/A/Libraries/libCGInterfaces.dylib
0x000000000cc1c000 	/System/Library/PrivateFrameworks/Shortcut.framework/Versions/A/Shortcut
0x000000000cc1c000 	/System/Library/PrivateFrameworks/HelpData.framework/Versions/A/HelpData
0x000000000cc1c000 	/usr/lib/libtidy.A.dylib
0x0000000124d4a000 	/System/Library/Frameworks/CoreGraphics.framework/Versions/A/Resources/libPDFRIP.A.dylib
0x000000000cc1c000 	/System/Library/Frameworks/ApplicationServices.framework/Versions/A/Frameworks/ATS.framework/Versions/A/Resources/libTrueTypeScaler.dylib
0x000000017d237000 	/Library/Java/JavaVirtualMachines/jdk1.8.0_65.jdk/Contents/Home/jre/lib/libdcpr.dylib

VM Arguments:
jvm_args: -Didea.launcher.port=7537 -Didea.launcher.bin.path=/Applications/IntelliJ IDEA 15 CE.app/Contents/bin -Dfile.encoding=UTF-8 
java_command: com.intellij.rt.execution.application.AppMain sample.MainApp
java_class_path (initial): /Library/Java/JavaVirtualMachines/jdk1.8.0_65.jdk/Contents/Home/jre/lib/charsets.jar:/Library/Java/JavaVirtualMachines/jdk1.8.0_65.jdk/Contents/Home/jre/lib/deploy.jar:/Library/Java/JavaVirtualMachines/jdk1.8.0_65.jdk/Contents/Home/jre/lib/ext/cldrdata.jar:/Library/Java/JavaVirtualMachines/jdk1.8.0_65.jdk/Contents/Home/jre/lib/ext/dnsns.jar:/Library/Java/JavaVirtualMachines/jdk1.8.0_65.jdk/Contents/Home/jre/lib/ext/jaccess.jar:/Library/Java/JavaVirtualMachines/jdk1.8.0_65.jdk/Contents/Home/jre/lib/ext/jfxrt.jar:/Library/Java/JavaVirtualMachines/jdk1.8.0_65.jdk/Contents/Home/jre/lib/ext/localedata.jar:/Library/Java/JavaVirtualMachines/jdk1.8.0_65.jdk/Contents/Home/jre/lib/ext/nashorn.jar:/Library/Java/JavaVirtualMachines/jdk1.8.0_65.jdk/Contents/Home/jre/lib/ext/sunec.jar:/Library/Java/JavaVirtualMachines/jdk1.8.0_65.jdk/Contents/Home/jre/lib/ext/sunjce_provider.jar:/Library/Java/JavaVirtualMachines/jdk1.8.0_65.jdk/Contents/Home/jre/lib/ext/sunpkcs11.jar:/Library/Java/JavaVirtualMachines/jdk1.8.0_65.jdk/Contents/Home/jre/lib/ext/zipfs.jar:/Library/Java/JavaVirtualMachines/jdk1.8.0_65.jdk/Contents/Home/jre/lib/javaws.jar:/Library/Java/JavaVirtualMachines/jdk1.8.0_65.jdk/Contents/Home/jre/lib/jce.jar:/Library/Java/JavaVirtualMachines/jdk1.8.0_65.jdk/Contents/Home/jre/lib/jfr.jar:/Library/Java/JavaVirtualMachines/jdk1.8.0_65.jdk/Contents/Home/jre/lib/jfxswt.jar:/Library/Java/JavaVirtualMachines/jdk1.8.0_65.jdk/Contents/Home/jre/lib/jsse.jar:/Library/Java/JavaVirtualMachines/jdk1.8.0_65.jdk/Contents/Home/jre/lib/management-agent.jar:/Library/Java/JavaVirtualMachines/jdk1.8.0_65.jdk/Contents/Home/jre/lib/plugin.jar:/Library/Java/JavaVirtualMachines/jdk1.8.0_65.jdk/Contents/Home/jre/lib/resources.jar:/Library/Java/JavaVirtualMachines/jdk1.8.0_65.jdk/Contents/Home/jre/lib/rt.jar:/Library/Java/JavaVirtualMachines/jdk1.8.0_65.jdk/Contents/Home/lib/ant-javafx.jar:/Library/Java/JavaVirtualMachines/jdk1.8.0_65.jdk/Contents/Home/lib/dt.jar:/Library/Ja
Launcher Type: SUN_STANDARD

Environment Variables:
PATH=/Library/Frameworks/Python.framework/Versions/3.5/bin:/usr/local/bin:/usr/bin:/bin:/usr/sbin:/sbin
SHELL=/bin/bash

Signal Handlers:
SIGSEGV: [libjvm.dylib+0x5a6d31], sa_mask[0]=11111111011111110111111111111111, sa_flags=SA_ONSTACK|SA_RESTART|SA_SIGINFO
SIGBUS: [libjvm.dylib+0x5a6d31], sa_mask[0]=11111111011111110111111111111111, sa_flags=SA_RESTART|SA_SIGINFO
SIGFPE: [libjvm.dylib+0x480a40], sa_mask[0]=11111111011111110111111111111111, sa_flags=SA_RESTART|SA_SIGINFO
SIGPIPE: [libjvm.dylib+0x480a40], sa_mask[0]=11111111011111110111111111111111, sa_flags=SA_RESTART|SA_SIGINFO
SIGXFSZ: [libjvm.dylib+0x480a40], sa_mask[0]=11111111011111110111111111111111, sa_flags=SA_RESTART|SA_SIGINFO
SIGILL: [libjvm.dylib+0x480a40], sa_mask[0]=11111111011111110111111111111111, sa_flags=SA_RESTART|SA_SIGINFO
SIGUSR1: SIG_DFL, sa_mask[0]=00000000000000000000000000000000, sa_flags=none
SIGUSR2: [libjvm.dylib+0x48055e], sa_mask[0]=00100000000000000000000000000000, sa_flags=SA_RESTART|SA_SIGINFO
SIGHUP: [libjvm.dylib+0x47eb35], sa_mask[0]=11111111011111110111111111111111, sa_flags=SA_RESTART|SA_SIGINFO
SIGINT: [libjvm.dylib+0x47eb35], sa_mask[0]=11111111011111110111111111111111, sa_flags=SA_RESTART|SA_SIGINFO
SIGTERM: [libjvm.dylib+0x47eb35], sa_mask[0]=11111111011111110111111111111111, sa_flags=SA_RESTART|SA_SIGINFO
SIGQUIT: [libjvm.dylib+0x47eb35], sa_mask[0]=11111111011111110111111111111111, sa_flags=SA_RESTART|SA_SIGINFO


---------------  S Y S T E M  ---------------

OS:Bsduname:Darwin 14.3.0 Darwin Kernel Version 14.3.0: Mon Mar 23 11:59:05 PDT 2015; root:xnu-2782.20.48~5/RELEASE_X86_64 x86_64
rlimit: STACK 8192k, CORE 0k, NPROC 709, NOFILE 10240, AS infinity
load average:7.08 8.04 8.10

CPU:total 4 (2 cores per cpu, 2 threads per core) family 6 model 69 stepping 1, cmov, cx8, fxsr, mmx, sse, sse2, sse3, ssse3, sse4.1, sse4.2, popcnt, avx, avx2, aes, clmul, erms, lzcnt, ht, tsc, tscinvbit, bmi1, bmi2

Memory: 4k page, physical 8388608k(19268k free)

/proc/meminfo:


vm_info: Java HotSpot(TM) 64-Bit Server VM (25.65-b01) for bsd-amd64 JRE (1.8.0_65-b17), built on Oct  6 2015 15:36:46 by "java_re" with gcc 4.2.1 (Based on Apple Inc. build 5658) (LLVM build 2336.11.00)

time: Fri Jun 10 07:09:26 2016
elapsed time: 14 seconds (0d 0h 0m 14s)

